<?xml version="1.0" encoding="UTF-8"?>
<!-- Generated by org.testng.reporters.JUnitReportReporter -->
<testsuite hostname="Sani" failures="0" tests="2" name="bookrunner.DemoRunner" time="11.189" errors="0" timestamp="2025-03-29T06:57:17 GMT" skipped="0">
  <testcase classname="bookrunner.DemoRunner" name="runScenario" time="4.554"/>
  <testcase classname="bookrunner.DemoRunner" name="runScenario" time="6.635"/>
</testsuite> <!-- bookrunner.DemoRunner -->
