<?xml version="1.0" encoding="UTF-8"?>
<!-- Generated by org.testng.reporters.JUnitReportReporter -->
<testsuite hostname="Sani" failures="0" tests="1" name="bookrunner.BookRunner" time="4.799" errors="0" timestamp="2025-03-22T12:54:09 GMT" skipped="0">
  <testcase classname="bookrunner.BookRunner" name="runScenario" time="4.799"/>
</testsuite> <!-- bookrunner.BookRunner -->
